<?xml version="1.0" encoding="UTF-8"?>
<!-- Generated by org.testng.reporters.JUnitXMLReporter -->
<testsuite hostname="DESKTOP-1DT07MH" ignored="3" name="Test" tests="8" failures="2" timestamp="25 Sep 2022 18:29:57 GMT" time="0.031" errors="0">
  <testcase name="login" time="0.008" classname="org.project.Project1">
    <skipped/>
  </testcase> <!-- login -->
  <testcase name="login" time="0.0" classname="org.project.Project1">
    <skipped/>
  </testcase> <!-- login -->
  <testcase name="login" time="0.0" classname="org.project.Project1">
    <skipped/>
  </testcase> <!-- login -->
  <testcase name="login" time="0.0" classname="org.project.Project1">
    <failure type="java.lang.NullPointerException">
      <![CDATA[java.lang.NullPointerException
at org.project.Project1.login(Project1.java:24)
... Removed 25 stack frames]]>
    </failure>
  </testcase> <!-- login -->
  <testcase name="logout" time="0.0" classname="org.project.Project1">
    <skipped/>
  </testcase> <!-- logout -->
  <testcase name="logout" time="0.0" classname="org.project.Project1">
    <skipped/>
  </testcase> <!-- logout -->
  <testcase name="logout" time="0.0" classname="org.project.Project1">
    <skipped/>
  </testcase> <!-- logout -->
  <testcase name="logout" time="0.0" classname="org.project.Project1">
    <failure type="java.lang.NullPointerException">
      <![CDATA[java.lang.NullPointerException
at org.project.Project1.logout(Project1.java:164)
... Removed 25 stack frames]]>
    </failure>
  </testcase> <!-- logout -->
  <testcase name="productNavigation1" time="0.0" classname="org.project.Project1">
    <ignored/>
  </testcase> <!-- productNavigation1 -->
  <testcase name="productNavigation2" time="0.0" classname="org.project.Project1">
    <ignored/>
  </testcase> <!-- productNavigation2 -->
  <testcase name="checkOut" time="0.0" classname="org.project.Project1">
    <ignored/>
  </testcase> <!-- checkOut -->
</testsuite> <!-- Test -->
